<?xml version="1.0" encoding="UTF-8"?>
<coverage generated="1572191134845" clover="3.2.0">
  <project timestamp="1572191134845" name="All files">
    <metrics statements="25" coveredstatements="25" conditionals="25" coveredconditionals="25" methods="8" coveredmethods="8" elements="58" coveredelements="58" complexity="0" loc="25" ncloc="25" packages="4" files="5" classes="5"/>
    <package name="helpers">
      <metrics statements="11" coveredstatements="11" conditionals="21" coveredconditionals="21" methods="3" coveredmethods="3"/>
      <file name="arrays.js" path="/Users/roygoren/developer/fieldin/src/helpers/arrays.js">
        <metrics statements="11" coveredstatements="11" conditionals="21" coveredconditionals="21" methods="3" coveredmethods="3"/>
        <line num="3" count="10" type="cond" truecount="4" falsecount="0"/>
        <line num="4" count="9" type="cond" truecount="4" falsecount="0"/>
        <line num="5" count="8" type="cond" truecount="4" falsecount="0"/>
        <line num="6" count="7" type="cond" truecount="4" falsecount="0"/>
        <line num="7" count="6" type="stmt"/>
        <line num="8" count="14" type="stmt"/>
        <line num="9" count="52" type="cond" truecount="3" falsecount="0"/>
        <line num="11" count="14" type="cond" truecount="2" falsecount="0"/>
        <line num="12" count="8" type="stmt"/>
        <line num="14" count="6" type="stmt"/>
        <line num="16" count="6" type="stmt"/>
      </file>
    </package>
    <package name="redux">
      <metrics statements="1" coveredstatements="1" conditionals="0" coveredconditionals="0" methods="0" coveredmethods="0"/>
      <file name="action_types.js" path="/Users/roygoren/developer/fieldin/src/redux/action_types.js">
        <metrics statements="1" coveredstatements="1" conditionals="0" coveredconditionals="0" methods="0" coveredmethods="0"/>
        <line num="1" count="3" type="stmt"/>
      </file>
    </package>
    <package name="redux.reducers">
      <metrics statements="6" coveredstatements="6" conditionals="4" coveredconditionals="4" methods="1" coveredmethods="1"/>
      <file name="monitoring.js" path="/Users/roygoren/developer/fieldin/src/redux/reducers/monitoring.js">
        <metrics statements="6" coveredstatements="6" conditionals="4" coveredconditionals="4" methods="1" coveredmethods="1"/>
        <line num="4" count="1" type="stmt"/>
        <line num="12" count="3" type="cond" truecount="3" falsecount="0"/>
        <line num="14" count="1" type="stmt"/>
        <line num="15" count="1" type="stmt"/>
        <line num="21" count="1" type="stmt"/>
        <line num="27" count="1" type="stmt"/>
      </file>
    </package>
    <package name="screens.monitoring">
      <metrics statements="7" coveredstatements="7" conditionals="0" coveredconditionals="0" methods="4" coveredmethods="4"/>
      <file name="monitoring_action.js" path="/Users/roygoren/developer/fieldin/src/screens/monitoring/monitoring_action.js">
        <metrics statements="2" coveredstatements="2" conditionals="0" coveredconditionals="0" methods="2" coveredmethods="2"/>
        <line num="3" count="1" type="stmt"/>
        <line num="9" count="1" type="stmt"/>
      </file>
      <file name="monitoring_saga.js" path="/Users/roygoren/developer/fieldin/src/screens/monitoring/monitoring_saga.js">
        <metrics statements="5" coveredstatements="5" conditionals="0" coveredconditionals="0" methods="2" coveredmethods="2"/>
        <line num="9" count="1" type="stmt"/>
        <line num="14" count="1" type="stmt"/>
        <line num="24" count="1" type="stmt"/>
        <line num="25" count="1" type="stmt"/>
        <line num="34" count="1" type="stmt"/>
      </file>
    </package>
  </project>
</coverage>
