{"/Users/roygoren/developer/fieldin/src/helpers/arrays.js": {"path":"/Users/roygoren/developer/fieldin/src/helpers/arrays.js","statementMap":{"0":{"start":{"line":3,"column":4},"end":{"line":3,"column":67}},"1":{"start":{"line":3,"column":58},"end":{"line":3,"column":67}},"2":{"start":{"line":4,"column":4},"end":{"line":4,"column":70}},"3":{"start":{"line":4,"column":57},"end":{"line":4,"column":70}},"4":{"start":{"line":5,"column":4},"end":{"line":5,"column":70}},"5":{"start":{"line":5,"column":57},"end":{"line":5,"column":70}},"6":{"start":{"line":6,"column":4},"end":{"line":6,"column":63}},"7":{"start":{"line":6,"column":50},"end":{"line":6,"column":63}},"8":{"start":{"line":7,"column":23},"end":{"line":15,"column":6}},"9":{"start":{"line":8,"column":23},"end":{"line":10,"column":10}},"10":{"start":{"line":9,"column":12},"end":{"line":9,"column":110}},"11":{"start":{"line":11,"column":8},"end":{"line":13,"column":9}},"12":{"start":{"line":12,"column":12},"end":{"line":12,"column":60}},"13":{"start":{"line":14,"column":8},"end":{"line":14,"column":19}},"14":{"start":{"line":16,"column":4},"end":{"line":16,"column":21}}},"fnMap":{"0":{"name":"mergeObjectsArrayById","decl":{"start":{"line":2,"column":16},"end":{"line":2,"column":37}},"loc":{"start":{"line":2,"column":66},"end":{"line":17,"column":1}},"line":2},"1":{"name":"(anonymous_1)","decl":{"start":{"line":7,"column":34},"end":{"line":7,"column":35}},"loc":{"start":{"line":7,"column":42},"end":{"line":15,"column":5}},"line":7},"2":{"name":"(anonymous_2)","decl":{"start":{"line":8,"column":35},"end":{"line":8,"column":36}},"loc":{"start":{"line":8,"column":54},"end":{"line":10,"column":9}},"line":8}},"branchMap":{"0":{"loc":{"start":{"line":3,"column":4},"end":{"line":3,"column":67}},"type":"if","locations":[{"start":{"line":3,"column":4},"end":{"line":3,"column":67}},{"start":{"line":3,"column":4},"end":{"line":3,"column":67}}],"line":3},"1":{"loc":{"start":{"line":3,"column":8},"end":{"line":3,"column":56}},"type":"binary-expr","locations":[{"start":{"line":3,"column":8},"end":{"line":3,"column":30}},{"start":{"line":3,"column":34},"end":{"line":3,"column":56}}],"line":3},"2":{"loc":{"start":{"line":4,"column":4},"end":{"line":4,"column":70}},"type":"if","locations":[{"start":{"line":4,"column":4},"end":{"line":4,"column":70}},{"start":{"line":4,"column":4},"end":{"line":4,"column":70}}],"line":4},"3":{"loc":{"start":{"line":4,"column":8},"end":{"line":4,"column":55}},"type":"binary-expr","locations":[{"start":{"line":4,"column":8},"end":{"line":4,"column":30}},{"start":{"line":4,"column":34},"end":{"line":4,"column":55}}],"line":4},"4":{"loc":{"start":{"line":5,"column":4},"end":{"line":5,"column":70}},"type":"if","locations":[{"start":{"line":5,"column":4},"end":{"line":5,"column":70}},{"start":{"line":5,"column":4},"end":{"line":5,"column":70}}],"line":5},"5":{"loc":{"start":{"line":5,"column":8},"end":{"line":5,"column":55}},"type":"binary-expr","locations":[{"start":{"line":5,"column":8},"end":{"line":5,"column":29}},{"start":{"line":5,"column":33},"end":{"line":5,"column":55}}],"line":5},"6":{"loc":{"start":{"line":6,"column":4},"end":{"line":6,"column":63}},"type":"if","locations":[{"start":{"line":6,"column":4},"end":{"line":6,"column":63}},{"start":{"line":6,"column":4},"end":{"line":6,"column":63}}],"line":6},"7":{"loc":{"start":{"line":6,"column":8},"end":{"line":6,"column":48}},"type":"binary-expr","locations":[{"start":{"line":6,"column":8},"end":{"line":6,"column":27}},{"start":{"line":6,"column":31},"end":{"line":6,"column":48}}],"line":6},"8":{"loc":{"start":{"line":9,"column":20},"end":{"line":9,"column":109}},"type":"binary-expr","locations":[{"start":{"line":9,"column":20},"end":{"line":9,"column":48}},{"start":{"line":9,"column":52},"end":{"line":9,"column":77}},{"start":{"line":9,"column":81},"end":{"line":9,"column":109}}],"line":9},"9":{"loc":{"start":{"line":11,"column":8},"end":{"line":13,"column":9}},"type":"if","locations":[{"start":{"line":11,"column":8},"end":{"line":13,"column":9}},{"start":{"line":11,"column":8},"end":{"line":13,"column":9}}],"line":11}},"s":{"0":10,"1":1,"2":9,"3":1,"4":8,"5":1,"6":7,"7":1,"8":6,"9":14,"10":52,"11":14,"12":8,"13":6,"14":6},"f":{"0":10,"1":14,"2":52},"b":{"0":[1,9],"1":[10,2],"2":[1,8],"3":[9,1],"4":[1,7],"5":[8,8],"6":[1,6],"7":[7,2],"8":[52,51,50],"9":[8,6]},"_coverageSchema":"43e27e138ebf9cfc5966b082cf9a028302ed4184","hash":"f49902e0c1e8ac8d411e195da13f137b412b0118"}
,"/Users/roygoren/developer/fieldin/src/redux/action_types.js": {"path":"/Users/roygoren/developer/fieldin/src/redux/action_types.js","statementMap":{"0":{"start":{"line":1,"column":22},"end":{"line":6,"column":3}}},"fnMap":{},"branchMap":{},"s":{"0":3},"f":{},"b":{},"_coverageSchema":"43e27e138ebf9cfc5966b082cf9a028302ed4184","hash":"556ebc9eecbec85d9b467466535a6fe73c8fd1a9"}
,"/Users/roygoren/developer/fieldin/src/redux/reducers/monitoring.js": {"path":"/Users/roygoren/developer/fieldin/src/redux/reducers/monitoring.js","statementMap":{"0":{"start":{"line":4,"column":28},"end":{"line":9,"column":1}},"1":{"start":{"line":12,"column":4},"end":{"line":28,"column":5}},"2":{"start":{"line":14,"column":12},"end":{"line":14,"column":20}},"3":{"start":{"line":15,"column":12},"end":{"line":19,"column":13}},"4":{"start":{"line":21,"column":12},"end":{"line":25,"column":13}},"5":{"start":{"line":27,"column":12},"end":{"line":27,"column":24}}},"fnMap":{"0":{"name":"(anonymous_0)","decl":{"start":{"line":11,"column":15},"end":{"line":11,"column":16}},"loc":{"start":{"line":11,"column":60},"end":{"line":29,"column":1}},"line":11}},"branchMap":{"0":{"loc":{"start":{"line":11,"column":16},"end":{"line":11,"column":36}},"type":"default-arg","locations":[{"start":{"line":11,"column":24},"end":{"line":11,"column":36}}],"line":11},"1":{"loc":{"start":{"line":12,"column":4},"end":{"line":28,"column":5}},"type":"switch","locations":[{"start":{"line":13,"column":8},"end":{"line":19,"column":13}},{"start":{"line":20,"column":8},"end":{"line":25,"column":13}},{"start":{"line":26,"column":8},"end":{"line":27,"column":24}}],"line":12}},"s":{"0":1,"1":3,"2":1,"3":1,"4":1,"5":1},"f":{"0":3},"b":{"0":[1],"1":[1,1,1]},"_coverageSchema":"43e27e138ebf9cfc5966b082cf9a028302ed4184","hash":"c66e56a5ee595ad8eacc75ab3ed46b2e08794d99"}
,"/Users/roygoren/developer/fieldin/src/screens/monitoring/monitoring_action.js": {"path":"/Users/roygoren/developer/fieldin/src/screens/monitoring/monitoring_action.js","statementMap":{"0":{"start":{"line":3,"column":25},"end":{"line":6,"column":2}},"1":{"start":{"line":3,"column":32},"end":{"line":6,"column":1}},"2":{"start":{"line":9,"column":24},"end":{"line":12,"column":2}},"3":{"start":{"line":9,"column":31},"end":{"line":12,"column":1}}},"fnMap":{"0":{"name":"(anonymous_0)","decl":{"start":{"line":3,"column":25},"end":{"line":3,"column":26}},"loc":{"start":{"line":3,"column":32},"end":{"line":6,"column":1}},"line":3},"1":{"name":"(anonymous_1)","decl":{"start":{"line":9,"column":24},"end":{"line":9,"column":25}},"loc":{"start":{"line":9,"column":31},"end":{"line":12,"column":1}},"line":9}},"branchMap":{},"s":{"0":1,"1":1,"2":1,"3":1},"f":{"0":1,"1":1},"b":{},"_coverageSchema":"43e27e138ebf9cfc5966b082cf9a028302ed4184","hash":"0cbd1cc270812a90107179903d9c1f1ae2d0af74"}
,"/Users/roygoren/developer/fieldin/src/screens/monitoring/monitoring_saga.js": {"path":"/Users/roygoren/developer/fieldin/src/screens/monitoring/monitoring_saga.js","statementMap":{"0":{"start":{"line":9,"column":36},"end":{"line":12,"column":6}},"1":{"start":{"line":14,"column":4},"end":{"line":20,"column":6}},"2":{"start":{"line":24,"column":18},"end":{"line":24,"column":43}},"3":{"start":{"line":25,"column":4},"end":{"line":30,"column":6}},"4":{"start":{"line":34,"column":30},"end":{"line":37,"column":1}}},"fnMap":{"0":{"name":"getBlocks","decl":{"start":{"line":8,"column":17},"end":{"line":8,"column":26}},"loc":{"start":{"line":8,"column":29},"end":{"line":21,"column":1}},"line":8},"1":{"name":"getTraps","decl":{"start":{"line":23,"column":17},"end":{"line":23,"column":25}},"loc":{"start":{"line":23,"column":28},"end":{"line":31,"column":1}},"line":23}},"branchMap":{},"s":{"0":1,"1":1,"2":1,"3":1,"4":1},"f":{"0":1,"1":1},"b":{},"_coverageSchema":"43e27e138ebf9cfc5966b082cf9a028302ed4184","hash":"d4ea08fa58440190026eea4c3f6e36a2d9c8650e"}
}
