{"/Users/roygoren/developer/fieldin/src/helpers/arrays.js": {"path":"/Users/roygoren/developer/fieldin/src/helpers/arrays.js","statementMap":{"0":{"start":{"line":3,"column":4},"end":{"line":5,"column":5}},"1":{"start":{"line":4,"column":8},"end":{"line":4,"column":21}},"2":{"start":{"line":6,"column":23},"end":{"line":14,"column":6}},"3":{"start":{"line":7,"column":23},"end":{"line":9,"column":10}},"4":{"start":{"line":8,"column":12},"end":{"line":8,"column":110}},"5":{"start":{"line":10,"column":8},"end":{"line":12,"column":9}},"6":{"start":{"line":11,"column":12},"end":{"line":11,"column":60}},"7":{"start":{"line":13,"column":8},"end":{"line":13,"column":19}},"8":{"start":{"line":15,"column":4},"end":{"line":15,"column":21}}},"fnMap":{"0":{"name":"mergeObjectsArrayById","decl":{"start":{"line":2,"column":16},"end":{"line":2,"column":37}},"loc":{"start":{"line":2,"column":66},"end":{"line":16,"column":1}},"line":2},"1":{"name":"(anonymous_1)","decl":{"start":{"line":6,"column":34},"end":{"line":6,"column":35}},"loc":{"start":{"line":6,"column":42},"end":{"line":14,"column":5}},"line":6},"2":{"name":"(anonymous_2)","decl":{"start":{"line":7,"column":35},"end":{"line":7,"column":36}},"loc":{"start":{"line":7,"column":52},"end":{"line":9,"column":9}},"line":7}},"branchMap":{"0":{"loc":{"start":{"line":3,"column":4},"end":{"line":5,"column":5}},"type":"if","locations":[{"start":{"line":3,"column":4},"end":{"line":5,"column":5}},{"start":{"line":3,"column":4},"end":{"line":5,"column":5}}],"line":3},"1":{"loc":{"start":{"line":3,"column":7},"end":{"line":3,"column":47}},"type":"binary-expr","locations":[{"start":{"line":3,"column":7},"end":{"line":3,"column":26}},{"start":{"line":3,"column":30},"end":{"line":3,"column":47}}],"line":3},"2":{"loc":{"start":{"line":8,"column":20},"end":{"line":8,"column":109}},"type":"binary-expr","locations":[{"start":{"line":8,"column":20},"end":{"line":8,"column":48}},{"start":{"line":8,"column":52},"end":{"line":8,"column":77}},{"start":{"line":8,"column":81},"end":{"line":8,"column":109}}],"line":8},"3":{"loc":{"start":{"line":10,"column":8},"end":{"line":12,"column":9}},"type":"if","locations":[{"start":{"line":10,"column":8},"end":{"line":12,"column":9}},{"start":{"line":10,"column":8},"end":{"line":12,"column":9}}],"line":10}},"s":{"0":7,"1":1,"2":6,"3":14,"4":52,"5":14,"6":8,"7":6,"8":6},"f":{"0":7,"1":14,"2":52},"b":{"0":[1,6],"1":[7,2],"2":[52,51,50],"3":[8,6]},"_coverageSchema":"43e27e138ebf9cfc5966b082cf9a028302ed4184","hash":"d2fd629cd3a1436a41f0bcd6c8d0f109eb47c46c"}
,"/Users/roygoren/developer/fieldin/src/redux/action_types.js": {"path":"/Users/roygoren/developer/fieldin/src/redux/action_types.js","statementMap":{"0":{"start":{"line":1,"column":22},"end":{"line":6,"column":3}}},"fnMap":{},"branchMap":{},"s":{"0":3},"f":{},"b":{},"_coverageSchema":"43e27e138ebf9cfc5966b082cf9a028302ed4184","hash":"556ebc9eecbec85d9b467466535a6fe73c8fd1a9"}
,"/Users/roygoren/developer/fieldin/src/redux/reducers/monitoring.js": {"path":"/Users/roygoren/developer/fieldin/src/redux/reducers/monitoring.js","statementMap":{"0":{"start":{"line":4,"column":28},"end":{"line":9,"column":1}},"1":{"start":{"line":12,"column":4},"end":{"line":28,"column":5}},"2":{"start":{"line":14,"column":12},"end":{"line":14,"column":20}},"3":{"start":{"line":15,"column":12},"end":{"line":19,"column":13}},"4":{"start":{"line":21,"column":12},"end":{"line":25,"column":13}},"5":{"start":{"line":27,"column":12},"end":{"line":27,"column":24}}},"fnMap":{"0":{"name":"(anonymous_0)","decl":{"start":{"line":11,"column":15},"end":{"line":11,"column":16}},"loc":{"start":{"line":11,"column":60},"end":{"line":29,"column":1}},"line":11}},"branchMap":{"0":{"loc":{"start":{"line":11,"column":16},"end":{"line":11,"column":36}},"type":"default-arg","locations":[{"start":{"line":11,"column":24},"end":{"line":11,"column":36}}],"line":11},"1":{"loc":{"start":{"line":12,"column":4},"end":{"line":28,"column":5}},"type":"switch","locations":[{"start":{"line":13,"column":8},"end":{"line":19,"column":13}},{"start":{"line":20,"column":8},"end":{"line":25,"column":13}},{"start":{"line":26,"column":8},"end":{"line":27,"column":24}}],"line":12}},"s":{"0":1,"1":3,"2":1,"3":1,"4":1,"5":1},"f":{"0":3},"b":{"0":[1],"1":[1,1,1]},"_coverageSchema":"43e27e138ebf9cfc5966b082cf9a028302ed4184","hash":"c66e56a5ee595ad8eacc75ab3ed46b2e08794d99"}
,"/Users/roygoren/developer/fieldin/src/screens/monitoring/monitoring_action.js": {"path":"/Users/roygoren/developer/fieldin/src/screens/monitoring/monitoring_action.js","statementMap":{"0":{"start":{"line":3,"column":25},"end":{"line":6,"column":2}},"1":{"start":{"line":3,"column":32},"end":{"line":6,"column":1}},"2":{"start":{"line":9,"column":24},"end":{"line":12,"column":2}},"3":{"start":{"line":9,"column":31},"end":{"line":12,"column":1}}},"fnMap":{"0":{"name":"(anonymous_0)","decl":{"start":{"line":3,"column":25},"end":{"line":3,"column":26}},"loc":{"start":{"line":3,"column":32},"end":{"line":6,"column":1}},"line":3},"1":{"name":"(anonymous_1)","decl":{"start":{"line":9,"column":24},"end":{"line":9,"column":25}},"loc":{"start":{"line":9,"column":31},"end":{"line":12,"column":1}},"line":9}},"branchMap":{},"s":{"0":1,"1":1,"2":1,"3":1},"f":{"0":1,"1":1},"b":{},"_coverageSchema":"43e27e138ebf9cfc5966b082cf9a028302ed4184","hash":"0cbd1cc270812a90107179903d9c1f1ae2d0af74"}
,"/Users/roygoren/developer/fieldin/src/screens/monitoring/monitoring_saga.js": {"path":"/Users/roygoren/developer/fieldin/src/screens/monitoring/monitoring_saga.js","statementMap":{"0":{"start":{"line":9,"column":36},"end":{"line":12,"column":6}},"1":{"start":{"line":14,"column":4},"end":{"line":20,"column":6}},"2":{"start":{"line":24,"column":18},"end":{"line":24,"column":43}},"3":{"start":{"line":25,"column":4},"end":{"line":30,"column":6}},"4":{"start":{"line":34,"column":30},"end":{"line":37,"column":1}}},"fnMap":{"0":{"name":"getBlocks","decl":{"start":{"line":8,"column":17},"end":{"line":8,"column":26}},"loc":{"start":{"line":8,"column":35},"end":{"line":21,"column":1}},"line":8},"1":{"name":"getTraps","decl":{"start":{"line":23,"column":17},"end":{"line":23,"column":25}},"loc":{"start":{"line":23,"column":34},"end":{"line":31,"column":1}},"line":23}},"branchMap":{},"s":{"0":1,"1":1,"2":1,"3":1,"4":1},"f":{"0":1,"1":1},"b":{},"_coverageSchema":"43e27e138ebf9cfc5966b082cf9a028302ed4184","hash":"9154bc8ddc1d74822068c2fe0de3f6648e2ec475"}
}
