TN:
SF:/Users/roygoren/developer/fieldin/src/helpers/arrays.js
FN:2,mergeObjectsArrayById
FN:7,(anonymous_1)
FN:8,(anonymous_2)
FNF:3
FNH:3
FNDA:10,mergeObjectsArrayById
FNDA:14,(anonymous_1)
FNDA:52,(anonymous_2)
DA:3,10
DA:4,9
DA:5,8
DA:6,7
DA:7,6
DA:8,14
DA:9,52
DA:11,14
DA:12,8
DA:14,6
DA:16,6
LF:11
LH:11
BRDA:3,0,0,1
BRDA:3,0,1,9
BRDA:3,1,0,10
BRDA:3,1,1,2
BRDA:4,2,0,1
BRDA:4,2,1,8
BRDA:4,3,0,9
BRDA:4,3,1,1
BRDA:5,4,0,1
BRDA:5,4,1,7
BRDA:5,5,0,8
BRDA:5,5,1,8
BRDA:6,6,0,1
BRDA:6,6,1,6
BRDA:6,7,0,7
BRDA:6,7,1,2
BRDA:9,8,0,52
BRDA:9,8,1,51
BRDA:9,8,2,50
BRDA:11,9,0,8
BRDA:11,9,1,6
BRF:21
BRH:21
end_of_record
TN:
SF:/Users/roygoren/developer/fieldin/src/redux/action_types.js
FNF:0
FNH:0
DA:1,3
LF:1
LH:1
BRF:0
BRH:0
end_of_record
TN:
SF:/Users/roygoren/developer/fieldin/src/redux/reducers/monitoring.js
FN:11,(anonymous_0)
FNF:1
FNH:1
FNDA:3,(anonymous_0)
DA:4,1
DA:12,3
DA:14,1
DA:15,1
DA:21,1
DA:27,1
LF:6
LH:6
BRDA:11,0,0,1
BRDA:12,1,0,1
BRDA:12,1,1,1
BRDA:12,1,2,1
BRF:4
BRH:4
end_of_record
TN:
SF:/Users/roygoren/developer/fieldin/src/screens/monitoring/monitoring_action.js
FN:3,(anonymous_0)
FN:9,(anonymous_1)
FNF:2
FNH:2
FNDA:1,(anonymous_0)
FNDA:1,(anonymous_1)
DA:3,1
DA:9,1
LF:2
LH:2
BRF:0
BRH:0
end_of_record
TN:
SF:/Users/roygoren/developer/fieldin/src/screens/monitoring/monitoring_saga.js
FN:8,getBlocks
FN:23,getTraps
FNF:2
FNH:2
FNDA:1,getBlocks
FNDA:1,getTraps
DA:9,1
DA:14,1
DA:24,1
DA:25,1
DA:34,1
LF:5
LH:5
BRF:0
BRH:0
end_of_record
