TN:
SF:/Users/roygoren/developer/fieldin/src/helpers/arrays.js
FN:2,mergeObjectsArrayById
FN:3,(anonymous_1)
FN:4,(anonymous_2)
FNF:3
FNH:3
FNDA:4,mergeObjectsArrayById
FNDA:12,(anonymous_1)
FNDA:51,(anonymous_2)
DA:3,4
DA:4,12
DA:5,51
DA:7,12
DA:8,8
DA:10,4
DA:12,4
LF:7
LH:7
BRDA:7,0,0,8
BRDA:7,0,1,4
BRF:2
BRH:2
end_of_record
TN:
SF:/Users/roygoren/developer/fieldin/src/redux/action_types.js
FNF:0
FNH:0
DA:1,3
LF:1
LH:1
BRF:0
BRH:0
end_of_record
TN:
SF:/Users/roygoren/developer/fieldin/src/redux/reducers/monitoring.js
FN:11,(anonymous_0)
FNF:1
FNH:1
FNDA:3,(anonymous_0)
DA:4,1
DA:12,3
DA:14,1
DA:15,1
DA:21,1
DA:27,1
LF:6
LH:6
BRDA:11,0,0,1
BRDA:12,1,0,1
BRDA:12,1,1,1
BRDA:12,1,2,1
BRF:4
BRH:4
end_of_record
TN:
SF:/Users/roygoren/developer/fieldin/src/screens/monitoring/monitoring_action.js
FN:3,(anonymous_0)
FN:9,(anonymous_1)
FNF:2
FNH:2
FNDA:1,(anonymous_0)
FNDA:1,(anonymous_1)
DA:3,1
DA:9,1
LF:2
LH:2
BRF:0
BRH:0
end_of_record
TN:
SF:/Users/roygoren/developer/fieldin/src/screens/monitoring/monitoring_saga.js
FN:8,getBlocks
FN:23,getTraps
FNF:2
FNH:2
FNDA:1,getBlocks
FNDA:1,getTraps
DA:9,1
DA:14,1
DA:24,1
DA:25,1
DA:34,1
LF:5
LH:5
BRF:0
BRH:0
end_of_record
